<?xml version="1.0" encoding="UTF-8"?>
<!-- Generated by org.testng.reporters.JUnitReportReporter -->
<testsuite hostname="Prasad" failures="0" tests="5" name="com.testQaTestCases.Login" time="25.617" errors="0" timestamp="2023-09-15T00:54:21 IST" skipped="0">
  <testcase classname="com.testQaTestCases.Login" name="verifyWithLoginValidCredentials" time="5.129"/>
  <system-out/>
  <testcase classname="com.testQaTestCases.Login" name="verifyLoginWithInValidEmailIvalidPassword" time="5.012"/>
  <system-out/>
  <testcase classname="com.testQaTestCases.Login" name="verifyLoginWithInvalidEamil" time="4.963"/>
  <system-out/>
  <testcase classname="com.testQaTestCases.Login" name="verifyLoginWithInValidPassword" time="4.829"/>
  <system-out/>
  <testcase classname="com.testQaTestCases.Login" name="verifyLoginWihouCredentails" time="5.684"/>
  <system-out/>
</testsuite> <!-- com.testQaTestCases.Login -->
