<?xml version="1.0" encoding="UTF-8"?>
<!-- Generated by org.testng.reporters.JUnitReportReporter -->
<testsuite hostname="Prasad" failures="0" tests="3" name="com.testQaTestCases.Search" time="12.622" errors="0" timestamp="2023-09-15T00:54:21 IST" skipped="0">
  <testcase classname="com.testQaTestCases.Search" name="verifySearchWithValidProduct" time="4.131"/>
  <system-out/>
  <testcase classname="com.testQaTestCases.Search" name="verfiyWithInvalidText" time="4.716"/>
  <system-out/>
  <testcase classname="com.testQaTestCases.Search" name="verifyWithoutAnyProduct" time="3.775"/>
  <system-out/>
</testsuite> <!-- com.testQaTestCases.Search -->
