<?xml version="1.0" encoding="UTF-8"?>
<!-- Generated by org.testng.reporters.JUnitReportReporter -->
<testsuite hostname="Prasad" failures="0" tests="4" name="com.testQaTestCases.Register" time="22.394" errors="0" timestamp="2023-09-17T23:44:02 IST" skipped="0">
  <testcase classname="com.testQaTestCases.Register" name="verify_Register_With_Mandatory_Fields" time="5.545"/>
  <system-out/>
  <testcase classname="com.testQaTestCases.Register" name="verify_Register_With_all_fields" time="6.151"/>
  <system-out/>
  <testcase classname="com.testQaTestCases.Register" name="Verify_Register_with_existing_mailId" time="5.666"/>
  <system-out/>
  <testcase classname="com.testQaTestCases.Register" name="Verify_Registring_Account_without_Filling_anyDetails" time="5.032"/>
  <system-out/>
</testsuite> <!-- com.testQaTestCases.Register -->
