<?xml version="1.0" encoding="UTF-8"?>
<!-- Generated by org.testng.reporters.JUnitReportReporter -->
<testsuite hostname="Prasad" failures="0" tests="2" name="com.testQaTestCases.Login" time="10.797" errors="0" timestamp="2023-09-12T23:11:17 IST" skipped="0">
  <testcase classname="com.testQaTestCases.Login" name="verifyWithLoginValidCredentials" time="4.901"/>
  <system-out/>
  <testcase classname="com.testQaTestCases.Login" name="verifyWithLoginInvalidCredentials" time="5.896"/>
  <system-out/>
</testsuite> <!-- com.testQaTestCases.Login -->
