<?xml version="1.0" encoding="UTF-8"?>
<!-- Generated by org.testng.reporters.JUnitReportReporter -->
<testsuite hostname="Prasad" failures="0" tests="5" name="com.testQaTestCases.Login" time="33.966" errors="0" timestamp="2023-09-15T23:48:07 IST" skipped="0">
  <testcase classname="com.testQaTestCases.Login" name="verifyWithLoginValidCredentials" time="5.864"/>
  <system-out/>
  <testcase classname="com.testQaTestCases.Login" name="verifyLoginWithInValidEmailIvalidPassword" time="5.505"/>
  <system-out/>
  <testcase classname="com.testQaTestCases.Login" name="verifyLoginWithInvalidEamil" time="10.716"/>
  <system-out/>
  <testcase classname="com.testQaTestCases.Login" name="verifyLoginWithInValidPassword" time="5.318"/>
  <system-out/>
  <testcase classname="com.testQaTestCases.Login" name="verifyLoginWihoutCredentails" time="6.563"/>
  <system-out/>
</testsuite> <!-- com.testQaTestCases.Login -->
