<?xml version="1.0" encoding="UTF-8"?>
<!-- Generated by org.testng.reporters.JUnitReportReporter -->
<testsuite hostname="Prasad" failures="0" tests="5" name="com.testQaTestCases.Login" time="25.070" errors="0" timestamp="2023-09-17T19:27:23 IST" skipped="0">
  <testcase classname="com.testQaTestCases.Login" name="verifyWithLoginValidCredentials" time="5.142"/>
  <system-out/>
  <testcase classname="com.testQaTestCases.Login" name="verifyLoginWithInValidEmailIvalidPassword" time="4.842"/>
  <system-out/>
  <testcase classname="com.testQaTestCases.Login" name="verifyLoginWithInvalidEamil" time="5.102"/>
  <system-out/>
  <testcase classname="com.testQaTestCases.Login" name="verifyLoginWithInValidPassword" time="4.880"/>
  <system-out/>
  <testcase classname="com.testQaTestCases.Login" name="verifyLoginWihoutCredentails" time="5.104"/>
  <system-out/>
</testsuite> <!-- com.testQaTestCases.Login -->
