<?xml version="1.0" encoding="UTF-8"?>
<!-- Generated by org.testng.reporters.JUnitReportReporter -->
<testsuite hostname="Prasad" failures="0" tests="5" name="com.testQaTestCases.Login" time="28.917" errors="0" timestamp="2023-09-13T23:33:06 IST" skipped="0">
  <testcase classname="com.testQaTestCases.Login" name="verifyWithLoginValidCredentials" time="4.140"/>
  <system-out/>
  <testcase classname="com.testQaTestCases.Login" name="verifyLoginWithInValidEmailIvalidPassword" time="5.978"/>
  <system-out/>
  <testcase classname="com.testQaTestCases.Login" name="verifyLoginWithInvalidEamil" time="5.629"/>
  <system-out/>
  <testcase classname="com.testQaTestCases.Login" name="verifyLoginWithInValidPassword" time="5.643"/>
  <system-out/>
  <testcase classname="com.testQaTestCases.Login" name="verifyLoginWihouCredentails" time="7.527"/>
  <system-out/>
</testsuite> <!-- com.testQaTestCases.Login -->
