<?xml version="1.0" encoding="UTF-8"?>
<!-- Generated by org.testng.reporters.JUnitReportReporter -->
<testsuite hostname="Prasad" failures="0" tests="5" name="com.testQaTestCases.Login" time="24.567" errors="0" timestamp="2023-09-17T23:44:02 IST" skipped="0">
  <testcase classname="com.testQaTestCases.Login" name="verifyWithLoginValidCredentials" time="4.514"/>
  <system-out/>
  <testcase classname="com.testQaTestCases.Login" name="verifyLoginWithInValidEmailIvalidPassword" time="5.202"/>
  <system-out/>
  <testcase classname="com.testQaTestCases.Login" name="verifyLoginWithInvalidEamil" time="4.794"/>
  <system-out/>
  <testcase classname="com.testQaTestCases.Login" name="verifyLoginWithInValidPassword" time="5.303"/>
  <system-out/>
  <testcase classname="com.testQaTestCases.Login" name="verifyLoginWihoutCredentails" time="4.754"/>
  <system-out/>
</testsuite> <!-- com.testQaTestCases.Login -->
