<?xml version="1.0" encoding="UTF-8"?>
<!-- Generated by org.testng.reporters.JUnitReportReporter -->
<testsuite hostname="Prasad" failures="0" tests="1" name="com.testQaTestCases.Search" time="4.320" errors="0" timestamp="2023-09-17T23:46:38 IST" skipped="0">
  <testcase classname="com.testQaTestCases.Search" name="verifyWithoutAnyProduct" time="4.320"/>
  <system-out/>
</testsuite> <!-- com.testQaTestCases.Search -->
