<?xml version="1.0" encoding="UTF-8"?>
<!-- Generated by org.testng.reporters.JUnitReportReporter -->
<testsuite hostname="Prasad" failures="0" tests="3" name="com.testQaTestCases.Search" time="17.446" errors="0" timestamp="2023-09-15T23:48:34 IST" skipped="0">
  <testcase classname="com.testQaTestCases.Search" name="verifySearchWithValidProduct" time="6.186"/>
  <system-out/>
  <testcase classname="com.testQaTestCases.Search" name="verfiyWithInvalidText" time="6.432"/>
  <system-out/>
  <testcase classname="com.testQaTestCases.Search" name="verifyWithoutAnyProduct" time="4.828"/>
  <system-out/>
</testsuite> <!-- com.testQaTestCases.Search -->
